<?xml version="1.0" encoding="UTF-8"?>
<testsuite xmlns:xsi="http://www.w3.org/2001/XMLSchema-instance" xsi:noNamespaceSchemaLocation="https://maven.apache.org/surefire/maven-surefire-plugin/xsd/surefire-test-report.xsd" name="com.example.electricity_bill_management_app.usecase.update_bill.UpdateBillUseCaseTest" time="0.056" tests="4" errors="1" skipped="0" failures="2">
  <properties>
    <property name="java.specification.version" value="23"/>
    <property name="sun.cpu.isalist" value="amd64"/>
    <property name="sun.jnu.encoding" value="Cp1252"/>
    <property name="java.class.path" value="D:\ADMIN\Live\data\4800UP\3Q\Assets\TK&amp;XDPM\electricity_bill_management_application\target\test-classes;D:\ADMIN\Live\data\4800UP\3Q\Assets\TK&amp;XDPM\electricity_bill_management_application\target\classes;C:\Users\LENOVO\.m2\repository\junit\junit\4.11\junit-4.11.jar;C:\Users\LENOVO\.m2\repository\org\hamcrest\hamcrest-core\1.3\hamcrest-core-1.3.jar;"/>
    <property name="java.vm.vendor" value="Oracle Corporation"/>
    <property name="sun.arch.data.model" value="64"/>
    <property name="user.variant" value=""/>
    <property name="java.vendor.url" value="https://java.oracle.com/"/>
    <property name="user.timezone" value="Asia/Bangkok"/>
    <property name="os.name" value="Windows 11"/>
    <property name="java.vm.specification.version" value="23"/>
    <property name="user.country" value="VN"/>
    <property name="sun.java.launcher" value="SUN_STANDARD"/>
    <property name="sun.boot.library.path" value="C:\Program Files\Java\jdk-23\bin"/>
    <property name="sun.java.command" value="C:\Users\LENOVO\AppData\Local\Temp\surefire18346283964785233393\surefirebooter15812211205474543226.jar C:\Users\LENOVO\AppData\Local\Temp\surefire18346283964785233393 2024-10-22T21-46-41_809-jvmRun1 surefire15296704414605825658tmp surefire_07834891927717291214tmp"/>
    <property name="jdk.debug" value="release"/>
    <property name="test" value="com.example.electricity_bill_management_app.usecase.update_bill.UpdateBillUseCaseTest"/>
    <property name="surefire.test.class.path" value="D:\ADMIN\Live\data\4800UP\3Q\Assets\TK&amp;XDPM\electricity_bill_management_application\target\test-classes;D:\ADMIN\Live\data\4800UP\3Q\Assets\TK&amp;XDPM\electricity_bill_management_application\target\classes;C:\Users\LENOVO\.m2\repository\junit\junit\4.11\junit-4.11.jar;C:\Users\LENOVO\.m2\repository\org\hamcrest\hamcrest-core\1.3\hamcrest-core-1.3.jar;"/>
    <property name="sun.cpu.endian" value="little"/>
    <property name="user.home" value="C:\Users\LENOVO"/>
    <property name="user.language" value="vi"/>
    <property name="java.specification.vendor" value="Oracle Corporation"/>
    <property name="java.version.date" value="2024-09-17"/>
    <property name="java.home" value="C:\Program Files\Java\jdk-23"/>
    <property name="file.separator" value="\"/>
    <property name="basedir" value="D:\ADMIN\Live\data\4800UP\3Q\Assets\TK&amp;XDPM\electricity_bill_management_application"/>
    <property name="java.vm.compressedOopsMode" value="Zero based"/>
    <property name="line.separator" value="&#10;"/>
    <property name="java.vm.specification.vendor" value="Oracle Corporation"/>
    <property name="java.specification.name" value="Java Platform API Specification"/>
    <property name="surefire.real.class.path" value="C:\Users\LENOVO\AppData\Local\Temp\surefire18346283964785233393\surefirebooter15812211205474543226.jar"/>
    <property name="user.script" value=""/>
    <property name="sun.management.compiler" value="HotSpot 64-Bit Tiered Compilers"/>
    <property name="java.runtime.version" value="23+37-2369"/>
    <property name="user.name" value="LENOVO"/>
    <property name="stdout.encoding" value="Cp1252"/>
    <property name="path.separator" value=";"/>
    <property name="os.version" value="10.0"/>
    <property name="java.runtime.name" value="Java(TM) SE Runtime Environment"/>
    <property name="file.encoding" value="UTF-8"/>
    <property name="java.vm.name" value="Java HotSpot(TM) 64-Bit Server VM"/>
    <property name="maven.ext.class.path" value="C:\Users\LENOVO\.vscode\extensions\oracle.oracle-java-23.0.0\nbcode\java\maven-nblib\netbeans-eventspy.jar"/>
    <property name="localRepository" value="C:\Users\LENOVO\.m2\repository"/>
    <property name="java.vendor.url.bug" value="https://bugreport.java.com/bugreport/"/>
    <property name="java.io.tmpdir" value="C:\Users\LENOVO\AppData\Local\Temp\"/>
    <property name="java.version" value="23"/>
    <property name="user.dir" value="D:\ADMIN\Live\data\4800UP\3Q\Assets\TK&amp;XDPM\electricity_bill_management_application"/>
    <property name="os.arch" value="amd64"/>
    <property name="java.vm.specification.name" value="Java Virtual Machine Specification"/>
    <property name="sun.os.patch.level" value=""/>
    <property name="native.encoding" value="Cp1252"/>
    <property name="java.library.path" value="C:\Program Files\Java\jdk-23\bin;C:\Windows\Sun\Java\bin;C:\Windows\system32;C:\Windows;C:\Users\LENOVO\Documents\Zalo Received Files\apache-maven-3.9.6-bin\apache-maven-3.9.6\bin;C:\Program Files\Common Files\Oracle\Java\javapath;C:\Windows\system32;C:\Windows;C:\Windows\System32\Wbem;C:\Windows\System32\WindowsPowerShell\v1.0\;C:\Windows\System32\OpenSSH\;C:\Program Files (x86)\NVIDIA Corporation\PhysX\Common;C:\Program Files\NVIDIA Corporation\NVIDIA NvDLISR;C:\Program Files\Java\jdk-23\bin;C:\Program Files\nodejs\;C:\Program Files\Git\cmd;C:\Users\LENOVO\AppData\Local\Microsoft\WindowsApps;D:\ADMIN\Live\data\4800UP\Microsoft VS Code\bin;C:\Users\LENOVO\AppData\Local\Microsoft\WinGet\Links;C:\Users\LENOVO\AppData\Roaming\npm;."/>
    <property name="java.vm.info" value="mixed mode, sharing"/>
    <property name="stderr.encoding" value="Cp1252"/>
    <property name="java.vendor" value="Oracle Corporation"/>
    <property name="java.vm.version" value="23+37-2369"/>
    <property name="sun.io.unicode.encoding" value="UnicodeLittle"/>
    <property name="java.class.version" value="67.0"/>
  </properties>
  <testcase name="testUpdateVNBillSuccess" classname="com.example.electricity_bill_management_app.usecase.update_bill.UpdateBillUseCaseTest" time="0.011">
    <failure type="java.lang.AssertionError">java.lang.AssertionError
	at com.example.electricity_bill_management_app.usecase.update_bill.UpdateBillUseCaseTest.testUpdateVNBillSuccess(UpdateBillUseCaseTest.java:57)
</failure>
    <system-out><![CDATA[Lỗi không tìm thấy: Không tìm thấy hóa đơn
]]></system-out>
  </testcase>
  <testcase name="testUpdateBillInvalidData" classname="com.example.electricity_bill_management_app.usecase.update_bill.UpdateBillUseCaseTest" time="0.001">
    <error message="Cannot invoke &quot;com.example.electricity_bill_management_app.usecase.update_bill.UpdateBillRequestDTO.getCustomerName()&quot; because &quot;originalBill&quot; is null" type="java.lang.NullPointerException">java.lang.NullPointerException: Cannot invoke "com.example.electricity_bill_management_app.usecase.update_bill.UpdateBillRequestDTO.getCustomerName()" because "originalBill" is null
	at com.example.electricity_bill_management_app.usecase.update_bill.UpdateBillUseCaseTest.testUpdateBillInvalidData(UpdateBillUseCaseTest.java:127)
</error>
    <system-out><![CDATA[Lỗi validation: Dữ liệu đầu vào không hợp lệ
]]></system-out>
  </testcase>
  <testcase name="testUpdateBillNotFound" classname="com.example.electricity_bill_management_app.usecase.update_bill.UpdateBillUseCaseTest" time="0"/>
  <testcase name="testUpdateForeignBillSuccess" classname="com.example.electricity_bill_management_app.usecase.update_bill.UpdateBillUseCaseTest" time="0">
    <failure type="java.lang.AssertionError">java.lang.AssertionError
	at com.example.electricity_bill_management_app.usecase.update_bill.UpdateBillUseCaseTest.testUpdateForeignBillSuccess(UpdateBillUseCaseTest.java:83)
</failure>
    <system-out><![CDATA[Lỗi không tìm thấy: Không tìm thấy hóa đơn
]]></system-out>
  </testcase>
</testsuite>